<?xml version="1.0" encoding="UTF-8"?>
<!-- Generated by org.testng.reporters.JUnitReportReporter -->
<testsuite skipped="0" hostname="DESKTOP-A9DN365" name="com.testNg.TestNgAnnotations" tests="6" failures="0" timestamp="01 Feb 2022 04:02:39 GMT" time="0.034" errors="0">
  <testcase name="testcase6" time="0.006" classname="com.testNg.TestNgAnnotations"/>
  <testcase name="testcase4" time="0.001" classname="com.testNg.TestNgAnnotations"/>
  <testcase name="testcase1" time="0.012" classname="com.testNg.TestNgAnnotations"/>
  <testcase name="testcase2" time="0.007" classname="com.testNg.TestNgAnnotations"/>
  <testcase name="testcase5" time="0.004" classname="com.testNg.TestNgAnnotations"/>
  <testcase name="testcase3" time="0.004" classname="com.testNg.TestNgAnnotations"/>
</testsuite> <!-- com.testNg.TestNgAnnotations -->
