<?xml version="1.0" encoding="UTF-8"?>
<!-- Generated by org.testng.reporters.JUnitReportReporter -->
<testsuite hostname="DESKTOP-A9DN365" failures="0" tests="1" name="com.testNg.ValidatingFrames" time="400.715" errors="0" timestamp="2022-03-10T09:33:14 IST" skipped="0">
  <testcase classname="com.testNg.ValidatingFrames" name="ValidatingFrames" time="400.715"/>
  <system-out/>
</testsuite> <!-- com.testNg.ValidatingFrames -->
